2025-01-06 17:54:50.731 [info] [main] Log level: Info
2025-01-06 17:54:50.731 [info] [main] Validating found git in: "git"
2025-01-06 17:54:50.731 [info] [main] Using git "2.47.1" from "git"
2025-01-06 17:54:50.731 [info] [Model][doInitialScan] Initial repository scan started
2025-01-06 17:54:50.731 [info] > git rev-parse --show-toplevel [10ms]
2025-01-06 17:54:50.731 [info] fatal: not a git repository (or any of the parent directories): .git
2025-01-06 17:54:50.733 [info] > git rev-parse --show-toplevel [1ms]
2025-01-06 17:54:50.738 [info] > git rev-parse --git-dir --git-common-dir [1ms]
2025-01-06 17:54:50.747 [info] [Model][openRepository] Opened repository: /home/taciturn/Desktop/WeCode2Gether/Odin-recipes
2025-01-06 17:54:50.756 [info] > git rev-parse --show-toplevel [2ms]
2025-01-06 17:54:50.756 [info] > git config --get commit.template [5ms]
2025-01-06 17:54:50.764 [info] > git rev-parse --git-dir --git-common-dir [4ms]
2025-01-06 17:54:50.767 [info] [Model][openRepository] Opened repository: /home/taciturn/Desktop/WeCode2Gether/css-exercises
2025-01-06 17:54:50.791 [info] > git for-each-ref --format=%(refname)%00%(upstream:short)%00%(objectname)%00%(upstream:track)%00%(upstream:remotename)%00%(upstream:remoteref) refs/heads/main refs/remotes/main [28ms]
2025-01-06 17:54:50.806 [warning] [Git][revParse] Unable to read file: ENOENT: no such file or directory, open '/home/taciturn/Desktop/WeCode2Gether/Odin-recipes/.git/refs/remotes/origin/main'
2025-01-06 17:54:50.809 [info] > git rev-parse --show-toplevel [19ms]
2025-01-06 17:54:50.809 [info] > git config --get commit.template [22ms]
2025-01-06 17:54:50.813 [info] > git rev-parse refs/remotes/origin/main [7ms]
2025-01-06 17:54:50.825 [info] > git status -z -uall [9ms]
2025-01-06 17:54:50.825 [info] > git rev-parse --git-dir --git-common-dir [12ms]
2025-01-06 17:54:50.828 [info] [Model][openRepository] Opened repository: /home/taciturn/Desktop/WeCode2Gether/git_test
2025-01-06 17:54:50.830 [info] [Model][doInitialScan] Initial repository scan completed - repositories (3), closed repositories (0), parent repositories (0), unsafe repositories (0)
2025-01-06 17:54:50.834 [info] > git for-each-ref --format=%(refname)%00%(upstream:short)%00%(objectname)%00%(upstream:track)%00%(upstream:remotename)%00%(upstream:remoteref) refs/heads/main refs/remotes/main [10ms]
2025-01-06 17:54:50.834 [info] > git for-each-ref --sort -committerdate --format %(refname) %(objectname) %(*objectname) [14ms]
2025-01-06 17:54:50.847 [warning] [Git][revParse] Unable to read file: ENOENT: no such file or directory, open '/home/taciturn/Desktop/WeCode2Gether/css-exercises/.git/refs/remotes/origin/main'
2025-01-06 17:54:50.851 [info] > git for-each-ref --format=%(refname)%00%(upstream:short)%00%(objectname)%00%(upstream:track)%00%(upstream:remotename)%00%(upstream:remoteref) refs/heads/main refs/remotes/main [10ms]
2025-01-06 17:54:50.854 [info] > git config --get commit.template [21ms]
2025-01-06 17:54:50.857 [info] > git config --local branch.main.vscode-merge-base [3ms]
2025-01-06 17:54:50.860 [info] > git config --get commit.template [10ms]
2025-01-06 17:54:50.860 [info] > git rev-parse refs/remotes/origin/main [13ms]
2025-01-06 17:54:50.868 [info] > git status -z -uall [5ms]
2025-01-06 17:54:50.868 [info] > git for-each-ref --format=%(refname)%00%(upstream:short)%00%(objectname)%00%(upstream:track)%00%(upstream:remotename)%00%(upstream:remoteref) refs/heads/origin/main refs/remotes/origin/main [8ms]
2025-01-06 17:54:50.913 [info] > git merge-base refs/heads/main refs/remotes/origin/main [42ms]
2025-01-06 17:54:50.917 [info] > git for-each-ref --format=%(refname)%00%(upstream:short)%00%(objectname)%00%(upstream:track)%00%(upstream:remotename)%00%(upstream:remoteref) refs/heads/main refs/remotes/main [49ms]
2025-01-06 17:54:50.917 [info] > git for-each-ref --sort -committerdate --format %(refname) %(objectname) %(*objectname) [52ms]
2025-01-06 17:54:50.928 [info] > git for-each-ref --format=%(refname)%00%(upstream:short)%00%(objectname)%00%(upstream:track)%00%(upstream:remotename)%00%(upstream:remoteref) refs/heads/main refs/remotes/main [6ms]
2025-01-06 17:54:50.932 [info] > git diff --name-status -z --diff-filter=ADMR 19658c233a62b951f50ce64e05a28aba0b205f44...refs/remotes/origin/main [15ms]
2025-01-06 17:54:50.933 [info] > git for-each-ref --format=%(refname)%00%(upstream:short)%00%(objectname)%00%(upstream:track)%00%(upstream:remotename)%00%(upstream:remoteref) refs/heads/main refs/remotes/main [20ms]
2025-01-06 17:54:50.936 [warning] [Git][revParse] Unable to read file: ENOENT: no such file or directory, open '/home/taciturn/Desktop/WeCode2Gether/Odin-recipes/.git/refs/remotes/origin/main'
2025-01-06 17:54:50.937 [info] > git config --local branch.main.vscode-merge-base [5ms]
2025-01-06 17:54:50.940 [info] > git config --get commit.template [12ms]
2025-01-06 17:54:50.941 [info] > git for-each-ref --format=%(refname)%00%(upstream:short)%00%(objectname)%00%(upstream:track)%00%(upstream:remotename)%00%(upstream:remoteref) refs/heads/origin/main refs/remotes/origin/main [1ms]
2025-01-06 17:54:50.945 [info] > git rev-parse refs/remotes/origin/main [9ms]
2025-01-06 17:54:50.960 [info] > git status -z -uall [13ms]
2025-01-06 17:54:50.960 [info] > git status -z -uall [6ms]
2025-01-06 17:54:50.960 [info] > git merge-base refs/heads/main refs/remotes/origin/main [16ms]
2025-01-06 17:54:50.965 [info] > git for-each-ref --format=%(refname)%00%(upstream:short)%00%(objectname)%00%(upstream:track)%00%(upstream:remotename)%00%(upstream:remoteref) refs/heads/main refs/remotes/main [6ms]
2025-01-06 17:54:50.965 [info] > git for-each-ref --sort -committerdate --format %(refname) %(objectname) %(*objectname) [9ms]
2025-01-06 17:54:50.971 [info] > git for-each-ref --sort -committerdate --format %(refname) %(objectname) %(*objectname) [20ms]
2025-01-06 17:54:50.975 [warning] [Git][revParse] Unable to read file: ENOENT: no such file or directory, open '/home/taciturn/Desktop/WeCode2Gether/css-exercises/.git/refs/remotes/origin/main'
2025-01-06 17:54:50.979 [info] > git for-each-ref --format=%(refname)%00%(upstream:short)%00%(objectname)%00%(upstream:track)%00%(upstream:remotename)%00%(upstream:remoteref) refs/heads/main refs/remotes/main [8ms]
2025-01-06 17:54:50.981 [info] > git diff --name-status -z --diff-filter=ADMR efcc840d20e6d39d81dbcda45bb0581aeee20c9e...refs/remotes/origin/main [18ms]
2025-01-06 17:54:50.983 [info] > git config --local branch.main.vscode-merge-base [2ms]
2025-01-06 17:54:50.986 [info] > git config --get commit.template [8ms]
2025-01-06 17:54:50.986 [info] > git rev-parse refs/remotes/origin/main [11ms]
2025-01-06 17:54:50.993 [info] > git status -z -uall [4ms]
2025-01-06 17:54:50.993 [info] > git for-each-ref --format=%(refname)%00%(upstream:short)%00%(objectname)%00%(upstream:track)%00%(upstream:remotename)%00%(upstream:remoteref) refs/heads/origin/main refs/remotes/origin/main [7ms]
2025-01-06 17:54:50.999 [info] > git for-each-ref --sort -committerdate --format %(refname) %(objectname) %(*objectname) [7ms]
2025-01-06 17:54:51.003 [info] > git for-each-ref --format=%(refname)%00%(upstream:short)%00%(objectname)%00%(upstream:track)%00%(upstream:remotename)%00%(upstream:remoteref) refs/heads/main refs/remotes/main [4ms]
2025-01-06 17:54:51.003 [info] > git merge-base refs/heads/main refs/remotes/origin/main [7ms]
2025-01-06 17:54:51.008 [info] > git diff --name-status -z --diff-filter=ADMR 1a025f754d7ab77ee44bd8a389cf4e269e7350d2...refs/remotes/origin/main [2ms]
2025-01-06 17:54:51.014 [info] > git status -z -uall [3ms]
2025-01-06 17:54:51.015 [info] > git for-each-ref --sort -committerdate --format %(refname) %(objectname) %(*objectname) [1ms]
2025-01-06 17:54:51.364 [info] > git check-ignore -v -z --stdin [6ms]
2025-01-06 17:54:51.364 [info] > git check-ignore -v -z --stdin [3ms]
2025-01-06 17:54:51.364 [info] > git check-ignore -v -z --stdin [1ms]
2025-01-06 17:54:52.381 [info] > git rev-parse --show-toplevel [1ms]
2025-01-06 17:54:52.381 [info] fatal: not a git repository (or any of the parent directories): .git
