2024-12-27 16:54:11.147 [info] [main] Log level: Info
2024-12-27 16:54:11.147 [info] [main] Validating found git in: "git"
2024-12-27 16:54:11.147 [info] [main] Using git "2.47.1" from "git"
2024-12-27 16:54:11.147 [info] [Model][doInitialScan] Initial repository scan started
2024-12-27 16:54:11.147 [info] [Model][doInitialScan] Initial repository scan completed - repositories (0), closed repositories (0), parent repositories (0), unsafe repositories (0)
2024-12-27 16:54:30.912 [info] [main] Log level: Info
2024-12-27 16:54:30.912 [info] [main] Validating found git in: "git"
2024-12-27 16:54:30.912 [info] [main] Using git "2.47.1" from "git"
2024-12-27 16:54:30.912 [info] [Model][doInitialScan] Initial repository scan started
2024-12-27 16:54:30.912 [info] > git rev-parse --show-toplevel [6ms]
2024-12-27 16:54:30.912 [info] fatal: not a git repository (or any of the parent directories): .git
2024-12-27 16:54:30.917 [info] > git rev-parse --show-toplevel [0ms]
2024-12-27 16:54:30.921 [info] > git rev-parse --git-dir --git-common-dir [1ms]
2024-12-27 16:54:30.930 [info] [Model][openRepository] Opened repository: /home/taciturn/Desktop/WeCode2Gether/Odin-recipes
2024-12-27 16:54:30.941 [info] > git rev-parse --show-toplevel [2ms]
2024-12-27 16:54:30.941 [info] > git config --get commit.template [6ms]
2024-12-27 16:54:30.967 [info] > git rev-parse --git-dir --git-common-dir [21ms]
2024-12-27 16:54:30.970 [info] [Model][openRepository] Opened repository: /home/taciturn/Desktop/WeCode2Gether/css-exercises
2024-12-27 16:54:30.987 [info] > git for-each-ref --format=%(refname)%00%(upstream:short)%00%(objectname)%00%(upstream:track)%00%(upstream:remotename)%00%(upstream:remoteref) refs/heads/main refs/remotes/main [23ms]
2024-12-27 16:54:30.994 [warning] [Git][revParse] Unable to read file: ENOENT: no such file or directory, open '/home/taciturn/Desktop/WeCode2Gether/Odin-recipes/.git/refs/remotes/origin/main'
2024-12-27 16:54:30.994 [info] > git rev-parse --show-toplevel [7ms]
2024-12-27 16:54:30.994 [info] > git config --get commit.template [10ms]
2024-12-27 16:54:30.998 [info] > git rev-parse refs/remotes/origin/main [5ms]
2024-12-27 16:54:31.008 [info] > git status -z -uall [7ms]
2024-12-27 16:54:31.008 [info] > git rev-parse --git-dir --git-common-dir [11ms]
2024-12-27 16:54:31.011 [info] [Model][openRepository] Opened repository: /home/taciturn/Desktop/WeCode2Gether/git_test
2024-12-27 16:54:31.012 [info] [Model][doInitialScan] Initial repository scan completed - repositories (3), closed repositories (0), parent repositories (0), unsafe repositories (0)
2024-12-27 16:54:31.017 [info] > git for-each-ref --format=%(refname)%00%(upstream:short)%00%(objectname)%00%(upstream:track)%00%(upstream:remotename)%00%(upstream:remoteref) refs/heads/main refs/remotes/main [10ms]
2024-12-27 16:54:31.017 [info] > git for-each-ref --sort -committerdate --format %(refname) %(objectname) %(*objectname) [13ms]
2024-12-27 16:54:31.030 [warning] [Git][revParse] Unable to read file: ENOENT: no such file or directory, open '/home/taciturn/Desktop/WeCode2Gether/css-exercises/.git/refs/remotes/origin/main'
2024-12-27 16:54:31.034 [info] > git for-each-ref --format=%(refname)%00%(upstream:short)%00%(objectname)%00%(upstream:track)%00%(upstream:remotename)%00%(upstream:remoteref) refs/heads/main refs/remotes/main [10ms]
2024-12-27 16:54:31.038 [info] > git config --get commit.template [22ms]
2024-12-27 16:54:31.040 [info] > git config --local branch.main.vscode-merge-base [2ms]
2024-12-27 16:54:31.040 [warning] [Git][config] git config failed: Failed to execute git
2024-12-27 16:54:31.043 [info] > git config --get commit.template [10ms]
2024-12-27 16:54:31.043 [info] > git rev-parse refs/remotes/origin/main [13ms]
2024-12-27 16:54:31.052 [info] > git status -z -uall [7ms]
2024-12-27 16:54:31.052 [info] > git reflog main --grep-reflog=branch: Created from *. [9ms]
2024-12-27 16:54:31.092 [info] > git symbolic-ref --short refs/remotes/origin/HEAD [36ms]
2024-12-27 16:54:31.096 [info] > git for-each-ref --format=%(refname)%00%(upstream:short)%00%(objectname)%00%(upstream:track)%00%(upstream:remotename)%00%(upstream:remoteref) refs/heads/main refs/remotes/main [45ms]
2024-12-27 16:54:31.096 [info] > git for-each-ref --sort -committerdate --format %(refname) %(objectname) %(*objectname) [48ms]
2024-12-27 16:54:31.108 [info] > git for-each-ref --format=%(refname)%00%(upstream:short)%00%(objectname)%00%(upstream:track)%00%(upstream:remotename)%00%(upstream:remoteref) refs/heads/main refs/remotes/main [7ms]
2024-12-27 16:54:31.112 [info] > git for-each-ref --format=%(refname)%00%(upstream:short)%00%(objectname)%00%(upstream:track)%00%(upstream:remotename)%00%(upstream:remoteref) refs/heads/origin/main refs/remotes/origin/main [16ms]
2024-12-27 16:54:31.115 [info] > git for-each-ref --format=%(refname)%00%(upstream:short)%00%(objectname)%00%(upstream:track)%00%(upstream:remotename)%00%(upstream:remoteref) refs/heads/main refs/remotes/main [28ms]
2024-12-27 16:54:31.119 [warning] [Git][revParse] Unable to read file: ENOENT: no such file or directory, open '/home/taciturn/Desktop/WeCode2Gether/Odin-recipes/.git/refs/remotes/origin/main'
2024-12-27 16:54:31.119 [info] > git config --local branch.main.vscode-merge-base origin/main [4ms]
2024-12-27 16:54:31.119 [info] > git config --local branch.main.vscode-merge-base [7ms]
2024-12-27 16:54:31.119 [warning] [Git][config] git config failed: Failed to execute git
2024-12-27 16:54:31.123 [info] > git config --get commit.template [15ms]
2024-12-27 16:54:31.128 [info] > git rev-parse refs/remotes/origin/main [10ms]
2024-12-27 16:54:31.144 [info] > git status -z -uall [8ms]
2024-12-27 16:54:31.144 [info] > git for-each-ref --format=%(refname)%00%(upstream:short)%00%(objectname)%00%(upstream:track)%00%(upstream:remotename)%00%(upstream:remoteref) refs/heads/main refs/remotes/main [13ms]
2024-12-27 16:54:31.148 [info] > git config --get commit.template [20ms]
2024-12-27 16:54:31.148 [info] > git reflog main --grep-reflog=branch: Created from *. [25ms]
2024-12-27 16:54:31.152 [info] > git symbolic-ref --short refs/remotes/origin/HEAD [2ms]
2024-12-27 16:54:31.154 [info] > git config --local branch.main.vscode-merge-base [6ms]
2024-12-27 16:54:31.157 [info] > git for-each-ref --format=%(refname)%00%(upstream:short)%00%(objectname)%00%(upstream:track)%00%(upstream:remotename)%00%(upstream:remoteref) refs/heads/main refs/remotes/main [14ms]
2024-12-27 16:54:31.157 [info] > git for-each-ref --sort -committerdate --format %(refname) %(objectname) %(*objectname) [17ms]
2024-12-27 16:54:31.171 [warning] [Git][revParse] Unable to read file: ENOENT: no such file or directory, open '/home/taciturn/Desktop/WeCode2Gether/css-exercises/.git/refs/remotes/origin/main'
2024-12-27 16:54:31.175 [info] > git for-each-ref --format=%(refname)%00%(upstream:short)%00%(objectname)%00%(upstream:track)%00%(upstream:remotename)%00%(upstream:remoteref) refs/heads/main refs/remotes/main [12ms]
2024-12-27 16:54:31.179 [info] > git for-each-ref --format=%(refname)%00%(upstream:short)%00%(objectname)%00%(upstream:track)%00%(upstream:remotename)%00%(upstream:remoteref) refs/heads/origin/main refs/remotes/origin/main [22ms]
2024-12-27 16:54:31.191 [info] > git for-each-ref --format=%(refname)%00%(upstream:short)%00%(objectname)%00%(upstream:track)%00%(upstream:remotename)%00%(upstream:remoteref) refs/heads/origin/main refs/remotes/origin/main [37ms]
2024-12-27 16:54:31.196 [info] > git config --local branch.main.vscode-merge-base origin/main [2ms]
2024-12-27 16:54:31.196 [info] > git merge-base refs/heads/main refs/remotes/origin/main [14ms]
2024-12-27 16:54:31.199 [info] > git config --local branch.main.vscode-merge-base [21ms]
2024-12-27 16:54:31.199 [warning] [Git][config] git config failed: Failed to execute git
2024-12-27 16:54:31.202 [info] > git config --get commit.template [28ms]
2024-12-27 16:54:31.202 [info] > git rev-parse refs/remotes/origin/main [31ms]
2024-12-27 16:54:31.206 [info] > git for-each-ref --format=%(refname)%00%(upstream:short)%00%(objectname)%00%(upstream:track)%00%(upstream:remotename)%00%(upstream:remoteref) refs/heads/main refs/remotes/main [39ms]
2024-12-27 16:54:31.213 [warning] [Git][revParse] Unable to read file: ENOENT: no such file or directory, open '/home/taciturn/Desktop/WeCode2Gether/Odin-recipes/.git/refs/remotes/origin/main'
2024-12-27 16:54:31.213 [info] > git for-each-ref --format=%(refname)%00%(upstream:short)%00%(objectname)%00%(upstream:track)%00%(upstream:remotename)%00%(upstream:remoteref) refs/heads/main refs/remotes/main [7ms]
2024-12-27 16:54:31.217 [info] > git reflog main --grep-reflog=branch: Created from *. [15ms]
2024-12-27 16:54:31.220 [info] > git diff --name-status -z --diff-filter=ADMR 19658c233a62b951f50ce64e05a28aba0b205f44...refs/remotes/origin/main [21ms]
2024-12-27 16:54:31.224 [info] > git symbolic-ref --short refs/remotes/origin/HEAD [4ms]
2024-12-27 16:54:31.227 [info] > git config --local branch.main.vscode-merge-base [10ms]
2024-12-27 16:54:31.230 [info] > git rev-parse refs/remotes/origin/main [17ms]
2024-12-27 16:54:31.235 [info] > git config --get commit.template [25ms]
2024-12-27 16:54:31.236 [info] > git status -z -uall [4ms]
2024-12-27 16:54:31.236 [info] > git for-each-ref --format=%(refname)%00%(upstream:short)%00%(objectname)%00%(upstream:track)%00%(upstream:remotename)%00%(upstream:remoteref) refs/heads/origin/main refs/remotes/origin/main [6ms]
2024-12-27 16:54:31.240 [info] > git for-each-ref --format=%(refname)%00%(upstream:short)%00%(objectname)%00%(upstream:track)%00%(upstream:remotename)%00%(upstream:remoteref) refs/heads/origin/main refs/remotes/origin/main [13ms]
2024-12-27 16:54:31.244 [info] > git for-each-ref --format=%(refname)%00%(upstream:short)%00%(objectname)%00%(upstream:track)%00%(upstream:remotename)%00%(upstream:remoteref) refs/heads/main refs/remotes/main [21ms]
2024-12-27 16:54:31.248 [info] > git merge-base refs/heads/main refs/remotes/origin/main [8ms]
2024-12-27 16:54:31.252 [info] > git for-each-ref --sort -committerdate --format %(refname) %(objectname) %(*objectname) [17ms]
2024-12-27 16:54:31.255 [info] > git diff --name-status -z --diff-filter=ADMR efcc840d20e6d39d81dbcda45bb0581aeee20c9e...refs/remotes/origin/main [3ms]
2024-12-27 16:54:31.255 [info] > git for-each-ref --format=%(refname)%00%(upstream:short)%00%(objectname)%00%(upstream:track)%00%(upstream:remotename)%00%(upstream:remoteref) refs/heads/main refs/remotes/main [7ms]
2024-12-27 16:54:31.255 [info] > git config --local branch.main.vscode-merge-base origin/main [11ms]
2024-12-27 16:54:31.259 [warning] [Git][revParse] Unable to read file: ENOENT: no such file or directory, open '/home/taciturn/Desktop/WeCode2Gether/css-exercises/.git/refs/remotes/origin/main'
2024-12-27 16:54:31.270 [info] > git rev-parse refs/remotes/origin/main [10ms]
2024-12-27 16:54:31.276 [info] > git status -z -uall [4ms]
2024-12-27 16:54:31.276 [info] > git for-each-ref --format=%(refname)%00%(upstream:short)%00%(objectname)%00%(upstream:track)%00%(upstream:remotename)%00%(upstream:remoteref) refs/heads/main refs/remotes/main [7ms]
2024-12-27 16:54:31.280 [info] > git config --get commit.template [15ms]
2024-12-27 16:54:31.284 [info] > git config --local branch.main.vscode-merge-base [5ms]
2024-12-27 16:54:31.287 [info] > git for-each-ref --sort -committerdate --format %(refname) %(objectname) %(*objectname) [12ms]
2024-12-27 16:54:31.289 [info] > git for-each-ref --format=%(refname)%00%(upstream:short)%00%(objectname)%00%(upstream:track)%00%(upstream:remotename)%00%(upstream:remoteref) refs/heads/origin/main refs/remotes/origin/main [2ms]
2024-12-27 16:54:31.293 [info] > git for-each-ref --format=%(refname)%00%(upstream:short)%00%(objectname)%00%(upstream:track)%00%(upstream:remotename)%00%(upstream:remoteref) refs/heads/main refs/remotes/main [10ms]
2024-12-27 16:54:31.294 [info] > git merge-base refs/heads/main refs/remotes/origin/main [1ms]
2024-12-27 16:54:31.307 [info] > git status -z -uall [5ms]
2024-12-27 16:54:31.307 [info] > git diff --name-status -z --diff-filter=ADMR 1a025f754d7ab77ee44bd8a389cf4e269e7350d2...refs/remotes/origin/main [10ms]
2024-12-27 16:54:31.307 [info] > git for-each-ref --sort -committerdate --format %(refname) %(objectname) %(*objectname) [1ms]
2024-12-27 16:54:31.550 [info] > git check-ignore -v -z --stdin [8ms]
2024-12-27 16:54:31.551 [info] > git check-ignore -v -z --stdin [4ms]
2024-12-27 16:54:31.551 [info] > git check-ignore -v -z --stdin [1ms]
2024-12-27 16:54:32.384 [info] > git config --get commit.template [4ms]
2024-12-27 16:54:32.384 [info] > git config --get commit.template [1ms]
2024-12-27 16:54:32.390 [info] > git for-each-ref --format=%(refname)%00%(upstream:short)%00%(objectname)%00%(upstream:track)%00%(upstream:remotename)%00%(upstream:remoteref) refs/heads/main refs/remotes/main [3ms]
2024-12-27 16:54:32.393 [warning] [Git][revParse] Unable to read file: ENOENT: no such file or directory, open '/home/taciturn/Desktop/WeCode2Gether/css-exercises/.git/refs/remotes/origin/main'
2024-12-27 16:54:32.393 [info] > git for-each-ref --format=%(refname)%00%(upstream:short)%00%(objectname)%00%(upstream:track)%00%(upstream:remotename)%00%(upstream:remoteref) refs/heads/main refs/remotes/main [3ms]
2024-12-27 16:54:32.394 [info] > git rev-parse refs/remotes/origin/main [1ms]
2024-12-27 16:54:32.400 [info] > git status -z -uall [3ms]
2024-12-27 16:54:32.407 [info] > git status -z -uall [3ms]
2024-12-27 16:54:32.407 [info] > git for-each-ref --sort -committerdate --format %(refname) %(objectname) %(*objectname) [7ms]
2024-12-27 16:54:32.409 [info] > git for-each-ref --sort -committerdate --format %(refname) %(objectname) %(*objectname) [2ms]
2024-12-27 16:54:33.018 [info] > git check-ignore -v -z --stdin [5ms]
2024-12-27 16:54:35.170 [info] > git check-ignore -v -z --stdin [1ms]
2024-12-27 16:54:39.198 [info] > git check-ignore -v -z --stdin [3ms]
2024-12-27 16:54:40.277 [info] > git check-ignore -v -z --stdin [2ms]
2024-12-27 16:54:41.538 [info] > git check-ignore -v -z --stdin [1ms]
