2024-12-27 16:54:10.379 [info] Added views:outline in workbench.view.explorer
2024-12-27 16:54:10.379 [info] Added views:workbench.view.search in workbench.view.search
2024-12-27 16:54:10.379 [info] Added views:workbench.scm in workbench.view.scm
2024-12-27 16:54:10.379 [info] Added views:workbench.panel.markers.view in workbench.panel.markers
2024-12-27 16:54:10.379 [info] Added views:workbench.panel.output in workbench.panel.output
2024-12-27 16:54:10.379 [info] Added views:terminal in terminal
2024-12-27 16:54:10.379 [info] Added views:timeline in workbench.view.explorer
2024-12-27 16:54:10.379 [info] Added views:workbench.explorer.emptyView in workbench.view.explorer
2024-12-27 16:54:10.714 [info] Added views:workbench.debug.variablesView,workbench.debug.watchExpressionsView,workbench.debug.callStackView,workbench.debug.breakPointsView in workbench.view.debug
2024-12-27 16:54:10.773 [info] Added views:~remote.forwardedPorts in ~remote.forwardedPortsContainer
2024-12-27 16:54:10.971 [info] Added views:workbench.panel.repl.view in workbench.panel.repl
2024-12-27 16:54:10.971 [info] Removed views:workbench.debug.breakPointsView,workbench.debug.callStackView,workbench.debug.watchExpressionsView,workbench.debug.variablesView from workbench.view.debug
2024-12-27 16:54:10.972 [info] Added views:workbench.debug.welcome in workbench.view.debug
2024-12-27 16:54:27.807 [info] Added views:outline in workbench.view.explorer
2024-12-27 16:54:27.807 [info] Added views:workbench.view.search in workbench.view.search
2024-12-27 16:54:27.807 [info] Added views:workbench.scm in workbench.view.scm
2024-12-27 16:54:27.807 [info] Added views:workbench.panel.markers.view in workbench.panel.markers
2024-12-27 16:54:27.807 [info] Added views:workbench.panel.output in workbench.panel.output
2024-12-27 16:54:27.807 [info] Added views:terminal in terminal
2024-12-27 16:54:27.807 [info] Added views:timeline in workbench.view.explorer
2024-12-27 16:54:27.807 [info] Added views:workbench.explorer.fileView in workbench.view.explorer
2024-12-27 16:54:28.177 [info] Added views:workbench.debug.variablesView,workbench.debug.watchExpressionsView,workbench.debug.callStackView,workbench.debug.breakPointsView in workbench.view.debug
2024-12-27 16:54:28.204 [info] Added views:~remote.forwardedPorts in ~remote.forwardedPortsContainer
2024-12-27 16:54:28.373 [info] Added views:workbench.panel.repl.view in workbench.panel.repl
2024-12-27 16:54:28.375 [info] Removed views:workbench.debug.breakPointsView,workbench.debug.callStackView,workbench.debug.watchExpressionsView,workbench.debug.variablesView from workbench.view.debug
2024-12-27 16:54:28.376 [info] Added views:workbench.debug.welcome in workbench.view.debug
2024-12-27 16:54:30.929 [info] Added views:workbench.scm.history in workbench.view.scm
