2025-01-19 22:29:52 Loading main app package /usr/lib/obsidian/obsidian.asar
2025-01-19 22:29:52 Checking for update using Github
2025-01-19 22:29:53 Success.
2025-01-19 22:29:53 Latest version is 1.7.7
2025-01-19 22:29:53 App is up to date.
2025-01-19 23:20:04 Loading main app package /usr/lib/obsidian/obsidian.asar
2025-01-19 23:20:05 Checking for update using Github
2025-01-19 23:20:05 Success.
2025-01-19 23:20:05 Latest version is 1.7.7
2025-01-19 23:20:05 App is up to date.
2025-01-19 23:40:05 Loading main app package /usr/lib/obsidian/obsidian.asar
2025-01-19 23:40:12 Checking for update using Github
2025-01-20 00:20:05 Checking for update using Github
2025-01-20 00:20:05 Success.
2025-01-20 00:20:05 Latest version is 1.7.7
2025-01-20 00:20:05 App is up to date.
2025-01-20 01:20:05 Checking for update using Github
2025-01-20 01:20:05 Success.
2025-01-20 01:20:05 Latest version is 1.7.7
2025-01-20 01:20:05 App is up to date.
2025-01-20 02:20:05 Checking for update using Github
2025-01-20 02:20:05 Success.
2025-01-20 02:20:05 Latest version is 1.7.7
2025-01-20 02:20:05 App is up to date.
2025-01-20 03:20:05 Checking for update using Github
2025-01-20 03:20:05 Success.
2025-01-20 03:20:05 Latest version is 1.7.7
2025-01-20 03:20:05 App is up to date.
2025-01-20 04:20:05 Checking for update using Github
2025-01-20 04:20:05 Success.
2025-01-20 04:20:05 Latest version is 1.7.7
2025-01-20 04:20:05 App is up to date.
2025-01-20 05:20:05 Checking for update using Github
2025-01-20 05:20:05 Success.
2025-01-20 05:20:05 Latest version is 1.7.7
2025-01-20 05:20:05 App is up to date.
2025-01-20 06:20:05 Checking for update using Github
2025-01-20 06:20:05 Success.
2025-01-20 06:20:05 Latest version is 1.7.7
2025-01-20 06:20:05 App is up to date.
2025-01-20 23:14:44 Loading main app package /usr/lib/obsidian/obsidian.asar
2025-01-20 23:14:44 Checking for update using Github
2025-01-20 23:14:44 Success.
2025-01-20 23:14:44 Latest version is 1.7.7
2025-01-20 23:14:44 App is up to date.
2025-01-21 00:14:44 Checking for update using Github
2025-01-21 00:14:45 Success.
2025-01-21 00:14:45 Latest version is 1.7.7
2025-01-21 00:14:45 App is up to date.
2025-01-21 01:14:44 Checking for update using Github
2025-01-21 01:14:44 Success.
2025-01-21 01:14:44 Latest version is 1.7.7
2025-01-21 01:14:44 App is up to date.
2025-01-21 02:14:44 Checking for update using Github
2025-01-21 02:14:44 Success.
2025-01-21 02:14:44 Latest version is 1.7.7
2025-01-21 02:14:44 App is up to date.
2025-01-21 02:53:09 Loading main app package /usr/lib/obsidian/obsidian.asar
2025-01-21 02:53:09 Checking for update using Github
2025-01-21 03:14:44 Checking for update using Github
2025-01-21 03:14:44 Success.
2025-01-21 03:14:44 Latest version is 1.7.7
2025-01-21 03:14:44 App is up to date.
2025-01-21 09:47:28 Loading main app package /usr/lib/obsidian/obsidian.asar
2025-01-21 09:47:28 Checking for update using Github
2025-01-21 09:47:29 Success.
2025-01-21 09:47:29 Latest version is 1.7.7
2025-01-21 09:47:29 App is up to date.
2025-01-22 04:04:05 Loading main app package /usr/lib/obsidian/obsidian.asar
2025-01-22 04:04:05 Checking for update using Github
2025-01-22 04:04:06 Success.
2025-01-22 04:04:06 Latest version is 1.7.7
2025-01-22 04:04:06 App is up to date.
2025-01-25 03:44:43 Loading main app package /usr/lib/obsidian/obsidian.asar
2025-01-25 03:44:43 Checking for update using Github
2025-01-25 03:44:43 Success.
2025-01-25 03:44:43 Latest version is 1.7.7
2025-01-25 03:44:43 App is up to date.
2025-01-25 04:44:43 Checking for update using Github
2025-01-25 04:44:43 Success.
2025-01-25 04:44:43 Latest version is 1.7.7
2025-01-25 04:44:43 App is up to date.
2025-01-25 05:44:43 Checking for update using Github
2025-01-25 05:44:43 Success.
2025-01-25 05:44:43 Latest version is 1.7.7
2025-01-25 05:44:43 App is up to date.
2025-01-25 06:44:43 Checking for update using Github
2025-01-25 06:44:43 Success.
2025-01-25 06:44:43 Latest version is 1.7.7
2025-01-25 06:44:43 App is up to date.
