00:00:00.160657 VirtualBox GUI VM Selector Window 7.1.4 r165100 linux.amd64 (Dec 25 2024 18:38:04) release log
00:00:00.160658 Log opened 2025-01-19T22:33:14.041161000Z
00:00:00.160658 Build Type: release
00:00:00.160659 OS Product: Linux
00:00:00.160660 OS Release: 6.12.9-arch1-1
00:00:00.160660 OS Version: #1 SMP PREEMPT_DYNAMIC Fri, 10 Jan 2025 00:39:41 +0000
00:00:00.160673 DMI Product Name: G7 7700
00:00:00.160683 DMI Product Version: 
00:00:00.160687 Firmware type: UEFI
00:00:00.161229 Secure Boot: Disabled
00:00:00.161250 Host RAM: 31858MB (31.1GB) total, 27408MB (26.7GB) available
00:00:00.161251 Executable: /usr/lib/virtualbox/VirtualBox
00:00:00.161252 Process ID: 425121
00:00:00.161252 Package type: LINUX_64BITS_GENERIC (OSE)
00:00:00.161267 Qt version: 6.8.1
00:00:00.161649 GUI: UIMediumEnumerator: Initial medium-enumeration finished!
00:00:00.171066 GUI: UIMediumEnumerator: Medium-enumeration started...
00:00:00.620117 GUI: UIMediumEnumerator: Medium-enumeration finished!
00:00:00.641648 GUI: UIDesktopWidgetWatchdog::sltHandleHostScreenAvailableGeometryCalculated: Screen 0 work area is actually resized to: 560x140 x 800x800
00:00:03.462188 GUI: UIMediumEnumerator: Medium-enumeration finished!
00:00:14.666390 GUI: UIMediumEnumerator: Medium-enumeration finished!
00:00:14.845774 GUI: UIMediumEnumerator: Medium-enumeration finished!
00:37:51.600433 GUI: UIMediumEnumerator: Medium-enumeration finished!
00:37:51.940969 GUI: UIMediumEnumerator: Medium-enumeration finished!
00:39:06.141733 GUI: UIMediumEnumerator: Medium-enumeration finished!
00:39:06.482640 GUI: UIMediumEnumerator: Medium-enumeration finished!
00:39:06.757632 GUI: UIMediumEnumerator: Medium-enumeration finished!
00:39:12.423006 GUI: UIMediumEnumerator: Medium-enumeration finished!
00:39:12.598283 GUI: UIMediumEnumerator: Medium-enumeration finished!
00:39:37.945877 GUI: UIMediumEnumerator: Medium-enumeration finished!
00:39:38.253256 GUI: UIMediumEnumerator: Medium-enumeration finished!
00:41:22.441244 GUI: UIMediumEnumerator: Medium-enumeration finished!
00:41:22.796835 GUI: UIMediumEnumerator: Medium-enumeration finished!
00:41:23.033577 GUI: UIMediumEnumerator: Medium-enumeration finished!
00:41:27.989590 GUI: UIMediumEnumerator: Medium-enumeration finished!
00:41:28.171828 GUI: UIMediumEnumerator: Medium-enumeration finished!
00:46:39.630774 GUI: UIMediumEnumerator: Medium-enumeration finished!
00:46:43.346650 GUI: UICommon: Handling aboutToQuit request..
00:46:44.267356 GUI: UICommon: aboutToQuit request handled!
