[2025-Jan-08 21:08:15.835 +03:00][10742:10742][info ] Logging initialized
[2025-Jan-08 21:08:15.835 +03:00][10742:10742][info ] Initializing krisp SDK...
[2025-Jan-08 21:08:15.835 +03:00][10742:10742][info ] DoKrispInitialize
[2025-Jan-08 21:08:16.102 +03:00][10742:10742][info ] LoadDynamicKrisp
[2025-Jan-08 21:08:16.102 +03:00][10742:10742][info ] Did not find KRISP_DYLIB_PATH, skipping dynamic loading
[2025-Jan-08 21:08:16.102 +03:00][10742:10742][info ] Initializing Krisp SDK in PID 10742, addr 0x783cce3906f0
[2025-Jan-08 21:08:16.262 +03:00][10742:10742][info ] Initialized Krisp SDK successfully
[2025-Jan-08 21:08:16.262 +03:00][10742:10742][info ] Krisp SDK initialized
[2025-Jan-08 21:19:27.449 +03:00][13768:13768][info ] Logging initialized
[2025-Jan-08 21:19:27.449 +03:00][13768:13768][info ] Initializing krisp SDK...
[2025-Jan-08 21:19:27.449 +03:00][13768:13768][info ] DoKrispInitialize
[2025-Jan-08 21:19:27.710 +03:00][13768:13768][info ] LoadDynamicKrisp
[2025-Jan-08 21:19:27.710 +03:00][13768:13768][info ] Did not find KRISP_DYLIB_PATH, skipping dynamic loading
[2025-Jan-08 21:19:27.710 +03:00][13768:13768][info ] Initializing Krisp SDK in PID 13768, addr 0x79652ed906f0
[2025-Jan-08 21:19:27.866 +03:00][13768:13768][info ] Initialized Krisp SDK successfully
[2025-Jan-08 21:19:27.866 +03:00][13768:13768][info ] Krisp SDK initialized
[2025-Jan-08 21:19:29.539 +03:00][13768:13768][info ] Logging initialized
[2025-Jan-08 21:19:29.539 +03:00][13768:13768][info ] Initializing krisp SDK...
[2025-Jan-08 21:19:29.539 +03:00][13768:13768][info ] Krisp SDK initialized
[2025-Jan-08 21:33:21.418 +03:00][18219:18219][info ] Logging initialized
[2025-Jan-08 21:33:21.418 +03:00][18219:18219][info ] Initializing krisp SDK...
[2025-Jan-08 21:33:21.418 +03:00][18219:18219][info ] DoKrispInitialize
[2025-Jan-08 21:33:21.685 +03:00][18219:18219][info ] LoadDynamicKrisp
[2025-Jan-08 21:33:21.685 +03:00][18219:18219][info ] Did not find KRISP_DYLIB_PATH, skipping dynamic loading
[2025-Jan-08 21:33:21.685 +03:00][18219:18219][info ] Initializing Krisp SDK in PID 18219, addr 0x717d07d906f0
[2025-Jan-08 21:33:21.845 +03:00][18219:18219][info ] Initialized Krisp SDK successfully
[2025-Jan-08 21:33:21.845 +03:00][18219:18219][info ] Krisp SDK initialized
[2025-Jan-09 17:21:06.771 +03:00][16268:16268][info ] Logging initialized
[2025-Jan-09 17:21:06.771 +03:00][16268:16268][info ] Initializing krisp SDK...
[2025-Jan-09 17:21:06.771 +03:00][16268:16268][info ] DoKrispInitialize
[2025-Jan-09 17:21:07.055 +03:00][16268:16268][info ] LoadDynamicKrisp
[2025-Jan-09 17:21:07.055 +03:00][16268:16268][info ] Did not find KRISP_DYLIB_PATH, skipping dynamic loading
[2025-Jan-09 17:21:07.055 +03:00][16268:16268][info ] Initializing Krisp SDK in PID 16268, addr 0x7f5f8f1906f0
[2025-Jan-09 17:21:07.219 +03:00][16268:16268][info ] Initialized Krisp SDK successfully
[2025-Jan-09 17:21:07.219 +03:00][16268:16268][info ] Krisp SDK initialized
[2025-Jan-09 17:21:49.296 +03:00][16818:16818][info ] Logging initialized
[2025-Jan-09 17:21:49.296 +03:00][16818:16818][info ] Initializing krisp SDK...
[2025-Jan-09 17:21:49.296 +03:00][16818:16818][info ] DoKrispInitialize
[2025-Jan-09 17:21:49.559 +03:00][16818:16818][info ] LoadDynamicKrisp
[2025-Jan-09 17:21:49.559 +03:00][16818:16818][info ] Did not find KRISP_DYLIB_PATH, skipping dynamic loading
[2025-Jan-09 17:21:49.559 +03:00][16818:16818][info ] Initializing Krisp SDK in PID 16818, addr 0x7aa2565906f0
[2025-Jan-09 17:21:49.714 +03:00][16818:16818][info ] Initialized Krisp SDK successfully
[2025-Jan-09 17:21:49.714 +03:00][16818:16818][info ] Krisp SDK initialized
[2025-Jan-13 05:22:30.256 +03:00][ 3395: 3395][info ] Logging initialized
[2025-Jan-13 05:22:30.256 +03:00][ 3395: 3395][info ] Initializing krisp SDK...
[2025-Jan-13 05:22:30.256 +03:00][ 3395: 3395][info ] DoKrispInitialize
[2025-Jan-13 05:22:30.542 +03:00][ 3395: 3395][info ] LoadDynamicKrisp
[2025-Jan-13 05:22:30.542 +03:00][ 3395: 3395][info ] Did not find KRISP_DYLIB_PATH, skipping dynamic loading
[2025-Jan-13 05:22:30.542 +03:00][ 3395: 3395][info ] Initializing Krisp SDK in PID 3395, addr 0x7308491906f0
[2025-Jan-13 05:22:30.707 +03:00][ 3395: 3395][info ] Initialized Krisp SDK successfully
[2025-Jan-13 05:22:30.707 +03:00][ 3395: 3395][info ] Krisp SDK initialized
[2025-Jan-13 06:05:42.040 +03:00][ 8509: 8509][info ] Logging initialized
[2025-Jan-13 06:05:42.040 +03:00][ 8509: 8509][info ] Initializing krisp SDK...
[2025-Jan-13 06:05:42.040 +03:00][ 8509: 8509][info ] DoKrispInitialize
[2025-Jan-13 06:05:42.313 +03:00][ 8509: 8509][info ] LoadDynamicKrisp
[2025-Jan-13 06:05:42.313 +03:00][ 8509: 8509][info ] Did not find KRISP_DYLIB_PATH, skipping dynamic loading
[2025-Jan-13 06:05:42.313 +03:00][ 8509: 8509][info ] Initializing Krisp SDK in PID 8509, addr 0x73ca44b906f0
[2025-Jan-13 06:05:42.475 +03:00][ 8509: 8509][info ] Initialized Krisp SDK successfully
[2025-Jan-13 06:05:42.475 +03:00][ 8509: 8509][info ] Krisp SDK initialized
[2025-Jan-13 23:33:11.058 +03:00][29951:29951][info ] Logging initialized
[2025-Jan-13 23:33:11.058 +03:00][29951:29951][info ] Initializing krisp SDK...
[2025-Jan-13 23:33:11.058 +03:00][29951:29951][info ] DoKrispInitialize
[2025-Jan-13 23:33:11.355 +03:00][29951:29951][info ] LoadDynamicKrisp
[2025-Jan-13 23:33:11.355 +03:00][29951:29951][info ] Did not find KRISP_DYLIB_PATH, skipping dynamic loading
[2025-Jan-13 23:33:11.355 +03:00][29951:29951][info ] Initializing Krisp SDK in PID 29951, addr 0x7953c93906f0
[2025-Jan-13 23:33:11.528 +03:00][29951:29951][info ] Initialized Krisp SDK successfully
[2025-Jan-13 23:33:11.528 +03:00][29951:29951][info ] Krisp SDK initialized
[2025-Jan-14 04:45:41.085 +03:00][48305:48305][info ] Logging initialized
[2025-Jan-14 04:45:41.085 +03:00][48305:48305][info ] Initializing krisp SDK...
[2025-Jan-14 04:45:41.085 +03:00][48305:48305][info ] DoKrispInitialize
[2025-Jan-14 04:45:41.364 +03:00][48305:48305][info ] LoadDynamicKrisp
[2025-Jan-14 04:45:41.364 +03:00][48305:48305][info ] Did not find KRISP_DYLIB_PATH, skipping dynamic loading
[2025-Jan-14 04:45:41.364 +03:00][48305:48305][info ] Initializing Krisp SDK in PID 48305, addr 0x7c94417906f0
[2025-Jan-14 04:45:41.530 +03:00][48305:48305][info ] Initialized Krisp SDK successfully
[2025-Jan-14 04:45:41.530 +03:00][48305:48305][info ] Krisp SDK initialized
[2025-Jan-16 02:50:14.545 +03:00][375061:375061][info ] Logging initialized
[2025-Jan-16 02:50:14.545 +03:00][375061:375061][info ] Initializing krisp SDK...
[2025-Jan-16 02:50:14.545 +03:00][375061:375061][info ] DoKrispInitialize
[2025-Jan-16 02:50:14.852 +03:00][375061:375061][info ] LoadDynamicKrisp
[2025-Jan-16 02:50:14.852 +03:00][375061:375061][info ] Did not find KRISP_DYLIB_PATH, skipping dynamic loading
[2025-Jan-16 02:50:14.852 +03:00][375061:375061][info ] Initializing Krisp SDK in PID 375061, addr 0x76b2dd1906f0
[2025-Jan-16 02:50:15.028 +03:00][375061:375061][info ] Initialized Krisp SDK successfully
[2025-Jan-16 02:50:15.028 +03:00][375061:375061][info ] Krisp SDK initialized
[2025-Jan-17 06:54:27.734 +03:00][552030:552030][info ] Logging initialized
[2025-Jan-17 06:54:27.734 +03:00][552030:552030][info ] Initializing krisp SDK...
[2025-Jan-17 06:54:27.734 +03:00][552030:552030][info ] DoKrispInitialize
[2025-Jan-17 06:54:28.034 +03:00][552030:552030][info ] LoadDynamicKrisp
[2025-Jan-17 06:54:28.034 +03:00][552030:552030][info ] Did not find KRISP_DYLIB_PATH, skipping dynamic loading
[2025-Jan-17 06:54:28.034 +03:00][552030:552030][info ] Initializing Krisp SDK in PID 552030, addr 0x79e3527906f0
[2025-Jan-17 06:54:28.210 +03:00][552030:552030][info ] Initialized Krisp SDK successfully
[2025-Jan-17 06:54:28.210 +03:00][552030:552030][info ] Krisp SDK initialized
[2025-Jan-17 23:26:31.768 +03:00][12472:12472][info ] Logging initialized
[2025-Jan-17 23:26:31.768 +03:00][12472:12472][info ] Initializing krisp SDK...
[2025-Jan-17 23:26:31.768 +03:00][12472:12472][info ] DoKrispInitialize
[2025-Jan-17 23:26:32.054 +03:00][12472:12472][info ] LoadDynamicKrisp
[2025-Jan-17 23:26:32.054 +03:00][12472:12472][info ] Did not find KRISP_DYLIB_PATH, skipping dynamic loading
[2025-Jan-17 23:26:32.054 +03:00][12472:12472][info ] Initializing Krisp SDK in PID 12472, addr 0x7c7d3ff906f0
[2025-Jan-17 23:26:32.218 +03:00][12472:12472][info ] Initialized Krisp SDK successfully
[2025-Jan-17 23:26:32.218 +03:00][12472:12472][info ] Krisp SDK initialized
[2025-Jan-21 04:33:39.388 +03:00][64645:64645][info ] Logging initialized
[2025-Jan-21 04:33:39.388 +03:00][64645:64645][info ] Initializing krisp SDK...
[2025-Jan-21 04:33:39.388 +03:00][64645:64645][info ] DoKrispInitialize
[2025-Jan-21 04:33:39.683 +03:00][64645:64645][info ] LoadDynamicKrisp
[2025-Jan-21 04:33:39.683 +03:00][64645:64645][info ] Did not find KRISP_DYLIB_PATH, skipping dynamic loading
[2025-Jan-21 04:33:39.683 +03:00][64645:64645][info ] Initializing Krisp SDK in PID 64645, addr 0x7ac5b69906f0
[2025-Jan-21 04:33:39.850 +03:00][64645:64645][info ] Initialized Krisp SDK successfully
[2025-Jan-21 04:33:39.850 +03:00][64645:64645][info ] Krisp SDK initialized
[2025-Jan-21 09:12:22.921 +03:00][31443:31443][info ] Logging initialized
[2025-Jan-21 09:12:22.921 +03:00][31443:31443][info ] Initializing krisp SDK...
[2025-Jan-21 09:12:22.921 +03:00][31443:31443][info ] DoKrispInitialize
[2025-Jan-21 09:12:23.210 +03:00][31443:31443][info ] LoadDynamicKrisp
[2025-Jan-21 09:12:23.210 +03:00][31443:31443][info ] Did not find KRISP_DYLIB_PATH, skipping dynamic loading
[2025-Jan-21 09:12:23.210 +03:00][31443:31443][info ] Initializing Krisp SDK in PID 31443, addr 0x751c3a1906f0
[2025-Jan-21 09:12:23.377 +03:00][31443:31443][info ] Initialized Krisp SDK successfully
[2025-Jan-21 09:12:23.377 +03:00][31443:31443][info ] Krisp SDK initialized
[2025-Jan-21 12:49:42.306 +03:00][56210:56210][info ] Logging initialized
[2025-Jan-21 12:49:42.306 +03:00][56210:56210][info ] Initializing krisp SDK...
[2025-Jan-21 12:49:42.306 +03:00][56210:56210][info ] DoKrispInitialize
[2025-Jan-21 12:49:42.575 +03:00][56210:56210][info ] LoadDynamicKrisp
[2025-Jan-21 12:49:42.575 +03:00][56210:56210][info ] Did not find KRISP_DYLIB_PATH, skipping dynamic loading
[2025-Jan-21 12:49:42.575 +03:00][56210:56210][info ] Initializing Krisp SDK in PID 56210, addr 0x72d862b906f0
[2025-Jan-21 12:49:42.742 +03:00][56210:56210][info ] Initialized Krisp SDK successfully
[2025-Jan-21 12:49:42.742 +03:00][56210:56210][info ] Krisp SDK initialized
[2025-Jan-21 13:48:18.230 +03:00][64343:64343][info ] Logging initialized
[2025-Jan-21 13:48:18.230 +03:00][64343:64343][info ] Initializing krisp SDK...
[2025-Jan-21 13:48:18.230 +03:00][64343:64343][info ] DoKrispInitialize
[2025-Jan-21 13:48:18.498 +03:00][64343:64343][info ] LoadDynamicKrisp
[2025-Jan-21 13:48:18.498 +03:00][64343:64343][info ] Did not find KRISP_DYLIB_PATH, skipping dynamic loading
[2025-Jan-21 13:48:18.498 +03:00][64343:64343][info ] Initializing Krisp SDK in PID 64343, addr 0x6f873fd906f0
[2025-Jan-21 13:48:18.660 +03:00][64343:64343][info ] Initialized Krisp SDK successfully
[2025-Jan-21 13:48:18.660 +03:00][64343:64343][info ] Krisp SDK initialized
[2025-Jan-21 14:26:57.831 +03:00][ 6347: 6347][info ] Logging initialized
[2025-Jan-21 14:26:57.831 +03:00][ 6347: 6347][info ] Initializing krisp SDK...
[2025-Jan-21 14:26:57.832 +03:00][ 6347: 6347][info ] DoKrispInitialize
[2025-Jan-21 14:26:58.117 +03:00][ 6347: 6347][info ] LoadDynamicKrisp
[2025-Jan-21 14:26:58.117 +03:00][ 6347: 6347][info ] Did not find KRISP_DYLIB_PATH, skipping dynamic loading
[2025-Jan-21 14:26:58.117 +03:00][ 6347: 6347][info ] Initializing Krisp SDK in PID 6347, addr 0x785baef906f0
[2025-Jan-21 14:26:58.281 +03:00][ 6347: 6347][info ] Initialized Krisp SDK successfully
[2025-Jan-21 14:26:58.281 +03:00][ 6347: 6347][info ] Krisp SDK initialized
[2025-Jan-21 14:32:37.404 +03:00][ 9380: 9380][info ] Logging initialized
[2025-Jan-21 14:32:37.404 +03:00][ 9380: 9380][info ] Initializing krisp SDK...
[2025-Jan-21 14:32:37.404 +03:00][ 9380: 9380][info ] DoKrispInitialize
[2025-Jan-21 14:32:37.677 +03:00][ 9380: 9380][info ] LoadDynamicKrisp
[2025-Jan-21 14:32:37.677 +03:00][ 9380: 9380][info ] Did not find KRISP_DYLIB_PATH, skipping dynamic loading
[2025-Jan-21 14:32:37.677 +03:00][ 9380: 9380][info ] Initializing Krisp SDK in PID 9380, addr 0x72f814f906f0
[2025-Jan-21 14:32:37.835 +03:00][ 9380: 9380][info ] Initialized Krisp SDK successfully
[2025-Jan-21 14:32:37.835 +03:00][ 9380: 9380][info ] Krisp SDK initialized
[2025-Jan-22 02:06:11.430 +03:00][96722:96722][info ] Logging initialized
[2025-Jan-22 02:06:11.430 +03:00][96722:96722][info ] Initializing krisp SDK...
[2025-Jan-22 02:06:11.430 +03:00][96722:96722][info ] DoKrispInitialize
[2025-Jan-22 02:06:11.713 +03:00][96722:96722][info ] LoadDynamicKrisp
[2025-Jan-22 02:06:11.713 +03:00][96722:96722][info ] Did not find KRISP_DYLIB_PATH, skipping dynamic loading
[2025-Jan-22 02:06:11.713 +03:00][96722:96722][info ] Initializing Krisp SDK in PID 96722, addr 0x739da71906f0
[2025-Jan-22 02:06:11.881 +03:00][96722:96722][info ] Initialized Krisp SDK successfully
[2025-Jan-22 02:06:11.881 +03:00][96722:96722][info ] Krisp SDK initialized
[2025-Jan-22 06:45:41.904 +03:00][ 2476: 2476][info ] Logging initialized
[2025-Jan-22 06:45:41.904 +03:00][ 2476: 2476][info ] Initializing krisp SDK...
[2025-Jan-22 06:45:41.904 +03:00][ 2476: 2476][info ] DoKrispInitialize
[2025-Jan-22 06:45:42.194 +03:00][ 2476: 2476][info ] LoadDynamicKrisp
[2025-Jan-22 06:45:42.194 +03:00][ 2476: 2476][info ] Did not find KRISP_DYLIB_PATH, skipping dynamic loading
[2025-Jan-22 06:45:42.194 +03:00][ 2476: 2476][info ] Initializing Krisp SDK in PID 2476, addr 0x73603dd906f0
[2025-Jan-22 06:45:42.359 +03:00][ 2476: 2476][info ] Initialized Krisp SDK successfully
[2025-Jan-22 06:45:42.359 +03:00][ 2476: 2476][info ] Krisp SDK initialized
[2025-Jan-25 06:42:54.082 +03:00][543667:543667][info ] Logging initialized
[2025-Jan-25 06:42:54.082 +03:00][543667:543667][info ] Initializing krisp SDK...
[2025-Jan-25 06:42:54.082 +03:00][543667:543667][info ] DoKrispInitialize
[2025-Jan-25 06:42:54.363 +03:00][543667:543667][info ] LoadDynamicKrisp
[2025-Jan-25 06:42:54.363 +03:00][543667:543667][info ] Did not find KRISP_DYLIB_PATH, skipping dynamic loading
[2025-Jan-25 06:42:54.363 +03:00][543667:543667][info ] Initializing Krisp SDK in PID 543667, addr 0x76b7cb9906f0
[2025-Jan-25 06:42:54.529 +03:00][543667:543667][info ] Initialized Krisp SDK successfully
[2025-Jan-25 06:42:54.529 +03:00][543667:543667][info ] Krisp SDK initialized
[2025-Jan-25 07:04:42.028 +03:00][550157:550157][info ] Logging initialized
[2025-Jan-25 07:04:42.028 +03:00][550157:550157][info ] Initializing krisp SDK...
[2025-Jan-25 07:04:42.028 +03:00][550157:550157][info ] DoKrispInitialize
[2025-Jan-25 07:04:42.296 +03:00][550157:550157][info ] LoadDynamicKrisp
[2025-Jan-25 07:04:42.296 +03:00][550157:550157][info ] Did not find KRISP_DYLIB_PATH, skipping dynamic loading
[2025-Jan-25 07:04:42.296 +03:00][550157:550157][info ] Initializing Krisp SDK in PID 550157, addr 0x7008431906f0
[2025-Jan-25 07:04:42.457 +03:00][550157:550157][info ] Initialized Krisp SDK successfully
[2025-Jan-25 07:04:42.457 +03:00][550157:550157][info ] Krisp SDK initialized
[2025-Jan-25 07:09:05.985 +03:00][552456:552456][info ] Logging initialized
[2025-Jan-25 07:09:05.985 +03:00][552456:552456][info ] Initializing krisp SDK...
[2025-Jan-25 07:09:05.985 +03:00][552456:552456][info ] DoKrispInitialize
[2025-Jan-25 07:09:06.252 +03:00][552456:552456][info ] LoadDynamicKrisp
[2025-Jan-25 07:09:06.252 +03:00][552456:552456][info ] Did not find KRISP_DYLIB_PATH, skipping dynamic loading
[2025-Jan-25 07:09:06.252 +03:00][552456:552456][info ] Initializing Krisp SDK in PID 552456, addr 0x7088faf906f0
[2025-Jan-25 07:09:06.412 +03:00][552456:552456][info ] Initialized Krisp SDK successfully
[2025-Jan-25 07:09:06.412 +03:00][552456:552456][info ] Krisp SDK initialized
[2025-Jan-25 07:10:52.203 +03:00][552456:552456][info ] Logging initialized
[2025-Jan-25 07:10:52.203 +03:00][552456:552456][info ] Initializing krisp SDK...
[2025-Jan-25 07:10:52.203 +03:00][552456:552456][info ] Krisp SDK initialized
[2025-Jan-25 09:23:28.545 +03:00][581402:581402][info ] Logging initialized
[2025-Jan-25 09:23:28.545 +03:00][581402:581402][info ] Initializing krisp SDK...
[2025-Jan-25 09:23:28.545 +03:00][581402:581402][info ] DoKrispInitialize
[2025-Jan-25 09:23:28.817 +03:00][581402:581402][info ] LoadDynamicKrisp
[2025-Jan-25 09:23:28.817 +03:00][581402:581402][info ] Did not find KRISP_DYLIB_PATH, skipping dynamic loading
[2025-Jan-25 09:23:28.817 +03:00][581402:581402][info ] Initializing Krisp SDK in PID 581402, addr 0x784a069906f0
[2025-Jan-25 09:23:28.977 +03:00][581402:581402][info ] Initialized Krisp SDK successfully
[2025-Jan-25 09:23:28.977 +03:00][581402:581402][info ] Krisp SDK initialized
