1/25/2025, 6:42:35 AM GMT+3 0: 

----------------------------------------------
1/25/2025, 6:42:35 AM GMT+3 1: Discord starting: {"releaseChannel":"stable","version":"0.0.81"}, modulepath: /home/taciturn/.config/discord/0.0.81/modules
1/25/2025, 6:42:35 AM GMT+3 2: ✅ webContents.created web1 ""
1/25/2025, 6:42:35 AM GMT+3 3: ✅ window.created win1 "discord"
1/25/2025, 6:42:36 AM GMT+3 4: ✅ webContents.did-finish-load web1
1/25/2025, 6:42:47 AM GMT+3 5: ✅ webContents.created web2 ""
1/25/2025, 6:42:47 AM GMT+3 6: ✅ window.created win2 "Discord"
1/25/2025, 6:42:51 AM GMT+3 7: ✅ webContents.did-finish-load web2
1/25/2025, 6:42:51 AM GMT+3 8: window.close win1
1/25/2025, 6:42:51 AM GMT+3 9: webContents.destroyed web1
1/25/2025, 6:42:51 AM GMT+3 10: window.closed win1
1/25/2025, 6:43:00 AM GMT+3 11: window.close win2
1/25/2025, 7:04:34 AM GMT+3 12: before-quit
1/25/2025, 7:04:34 AM GMT+3 13: window.close win2
1/25/2025, 7:04:34 AM GMT+3 14: webContents.destroyed web2
1/25/2025, 7:04:39 AM GMT+3 0: 

----------------------------------------------
1/25/2025, 7:04:39 AM GMT+3 1: Discord starting: {"releaseChannel":"stable","version":"0.0.81"}, modulepath: /home/taciturn/.config/discord/0.0.81/modules
1/25/2025, 7:04:39 AM GMT+3 2: ✅ webContents.created web1 "index.html"
1/25/2025, 7:04:39 AM GMT+3 3: ✅ window.created win1 "discord"
1/25/2025, 7:04:39 AM GMT+3 4: ✅ webContents.did-finish-load web1
1/25/2025, 7:04:40 AM GMT+3 5: ✅ webContents.created web2 ""
1/25/2025, 7:04:40 AM GMT+3 6: ✅ window.created win2 "Discord"
1/25/2025, 7:04:42 AM GMT+3 7: ✅ webContents.did-finish-load web2
1/25/2025, 7:04:42 AM GMT+3 8: window.close win1
1/25/2025, 7:04:42 AM GMT+3 9: webContents.destroyed web1
1/25/2025, 7:04:43 AM GMT+3 10: window.closed win1
1/25/2025, 7:04:52 AM GMT+3 11: window.close win2
1/25/2025, 7:04:54 AM GMT+3 12: before-quit
1/25/2025, 7:04:54 AM GMT+3 13: window.close win2
1/25/2025, 7:09:03 AM GMT+3 0: 

----------------------------------------------
1/25/2025, 7:09:03 AM GMT+3 1: Discord starting: {"releaseChannel":"stable","version":"0.0.81"}, modulepath: /home/taciturn/.config/discord/0.0.81/modules
1/25/2025, 7:09:03 AM GMT+3 2: ✅ webContents.created web1 ""
1/25/2025, 7:09:03 AM GMT+3 3: ✅ window.created win1 "discord"
1/25/2025, 7:09:03 AM GMT+3 4: ✅ webContents.did-finish-load web1
1/25/2025, 7:09:04 AM GMT+3 5: ✅ webContents.created web2 ""
1/25/2025, 7:09:04 AM GMT+3 6: ✅ window.created win2 "Discord"
1/25/2025, 7:09:06 AM GMT+3 7: ✅ webContents.did-finish-load web2
1/25/2025, 7:09:06 AM GMT+3 8: window.close win1
1/25/2025, 7:09:06 AM GMT+3 9: webContents.destroyed web1
1/25/2025, 7:09:06 AM GMT+3 10: window.closed win1
1/25/2025, 7:10:52 AM GMT+3 11: ✅ webContents.did-finish-load web2
1/25/2025, 7:22:00 AM GMT+3 12: window.close win2
1/25/2025, 8:09:25 AM GMT+3 0: 

----------------------------------------------
1/25/2025, 8:09:38 AM GMT+3 13: window.close win2
1/25/2025, 8:10:15 AM GMT+3 0: 

----------------------------------------------
1/25/2025, 8:10:19 AM GMT+3 14: window.close win2
1/25/2025, 8:10:57 AM GMT+3 0: 

----------------------------------------------
1/25/2025, 8:11:09 AM GMT+3 15: window.close win2
1/25/2025, 8:13:53 AM GMT+3 0: 

----------------------------------------------
1/25/2025, 8:13:59 AM GMT+3 16: window.close win2
1/25/2025, 8:20:46 AM GMT+3 0: 

----------------------------------------------
1/25/2025, 8:20:51 AM GMT+3 17: window.close win2
1/25/2025, 8:28:25 AM GMT+3 0: 

----------------------------------------------
1/25/2025, 8:28:25 AM GMT+3 1: Discord starting: {"releaseChannel":"stable","version":"0.0.81"}, modulepath: /home/taciturn/.config/discord/0.0.81/modules
1/25/2025, 8:28:29 AM GMT+3 18: window.close win2
1/25/2025, 8:29:13 AM GMT+3 0: 

----------------------------------------------
1/25/2025, 8:29:13 AM GMT+3 1: Discord starting: {"releaseChannel":"stable","version":"0.0.81"}, modulepath: /home/taciturn/.config/discord/0.0.81/modules
1/25/2025, 8:29:19 AM GMT+3 19: window.close win2
1/25/2025, 8:29:44 AM GMT+3 0: 

----------------------------------------------
1/25/2025, 8:29:50 AM GMT+3 20: window.close win2
1/25/2025, 8:30:37 AM GMT+3 0: 

----------------------------------------------
1/25/2025, 8:30:37 AM GMT+3 1: Discord starting: {"releaseChannel":"stable","version":"0.0.81"}, modulepath: /home/taciturn/.config/discord/0.0.81/modules
1/25/2025, 8:30:41 AM GMT+3 21: window.close win2
1/25/2025, 8:31:01 AM GMT+3 0: 

----------------------------------------------
1/25/2025, 8:31:03 AM GMT+3 22: window.close win2
1/25/2025, 8:31:36 AM GMT+3 0: 

----------------------------------------------
1/25/2025, 8:31:36 AM GMT+3 1: Discord starting: {"releaseChannel":"stable","version":"0.0.81"}, modulepath: /home/taciturn/.config/discord/0.0.81/modules
1/25/2025, 8:31:38 AM GMT+3 23: window.close win2
1/25/2025, 8:32:36 AM GMT+3 0: 

----------------------------------------------
1/25/2025, 8:32:38 AM GMT+3 24: window.close win2
1/25/2025, 8:33:30 AM GMT+3 0: 

----------------------------------------------
1/25/2025, 8:33:30 AM GMT+3 1: Discord starting: {"releaseChannel":"stable","version":"0.0.81"}, modulepath: /home/taciturn/.config/discord/0.0.81/modules
1/25/2025, 8:33:32 AM GMT+3 25: window.close win2
1/25/2025, 8:55:01 AM GMT+3 0: 

----------------------------------------------
1/25/2025, 8:55:01 AM GMT+3 1: Discord starting: {"releaseChannel":"stable","version":"0.0.81"}, modulepath: /home/taciturn/.config/discord/0.0.81/modules
1/25/2025, 9:00:15 AM GMT+3 26: window.close win2
1/25/2025, 9:00:50 AM GMT+3 0: 

----------------------------------------------
1/25/2025, 9:00:53 AM GMT+3 27: window.close win2
1/25/2025, 9:12:45 AM GMT+3 0: 

----------------------------------------------
1/25/2025, 9:12:45 AM GMT+3 1: Discord starting: {"releaseChannel":"stable","version":"0.0.81"}, modulepath: /home/taciturn/.config/discord/0.0.81/modules
1/25/2025, 9:12:47 AM GMT+3 28: window.close win2
1/25/2025, 9:16:58 AM GMT+3 0: 

----------------------------------------------
1/25/2025, 9:17:00 AM GMT+3 29: window.close win2
1/25/2025, 9:18:30 AM GMT+3 0: 

----------------------------------------------
1/25/2025, 9:18:32 AM GMT+3 30: window.close win2
1/25/2025, 9:21:33 AM GMT+3 31: before-quit
1/25/2025, 9:21:33 AM GMT+3 32: window.close win2
1/25/2025, 9:21:33 AM GMT+3 33: webContents.destroyed web2
