2024-12-28 10:45:10.518 [info] [main] Log level: Info
2024-12-28 10:45:10.518 [info] [main] Validating found git in: "git"
2024-12-28 10:45:10.518 [info] [main] Using git "2.47.1" from "git"
2024-12-28 10:45:10.518 [info] [Model][doInitialScan] Initial repository scan started
2024-12-28 10:45:10.518 [info] > git rev-parse --show-toplevel [6ms]
2024-12-28 10:45:10.518 [info] fatal: not a git repository (or any of the parent directories): .git
2024-12-28 10:45:10.526 [info] > git rev-parse --show-toplevel [1ms]
2024-12-28 10:45:10.530 [info] > git rev-parse --git-dir --git-common-dir [1ms]
2024-12-28 10:45:10.539 [info] [Model][openRepository] Opened repository: /home/taciturn/Desktop/WeCode2Gether/Odin-recipes
2024-12-28 10:45:10.547 [info] > git rev-parse --show-toplevel [1ms]
2024-12-28 10:45:10.548 [info] > git config --get commit.template [4ms]
2024-12-28 10:45:10.571 [info] > git rev-parse --git-dir --git-common-dir [20ms]
2024-12-28 10:45:10.574 [info] [Model][openRepository] Opened repository: /home/taciturn/Desktop/WeCode2Gether/css-exercises
2024-12-28 10:45:10.590 [info] > git for-each-ref --format=%(refname)%00%(upstream:short)%00%(objectname)%00%(upstream:track)%00%(upstream:remotename)%00%(upstream:remoteref) refs/heads/main refs/remotes/main [20ms]
2024-12-28 10:45:10.595 [warning] [Git][revParse] Unable to read file: ENOENT: no such file or directory, open '/home/taciturn/Desktop/WeCode2Gether/Odin-recipes/.git/refs/remotes/origin/main'
2024-12-28 10:45:10.598 [info] > git rev-parse --show-toplevel [8ms]
2024-12-28 10:45:10.598 [info] > git config --get commit.template [11ms]
2024-12-28 10:45:10.601 [info] > git rev-parse refs/remotes/origin/main [6ms]
2024-12-28 10:45:10.611 [info] > git status -z -uall [7ms]
2024-12-28 10:45:10.611 [info] > git rev-parse --git-dir --git-common-dir [10ms]
2024-12-28 10:45:10.614 [info] [Model][openRepository] Opened repository: /home/taciturn/Desktop/WeCode2Gether/git_test
2024-12-28 10:45:10.615 [info] [Model][doInitialScan] Initial repository scan completed - repositories (3), closed repositories (0), parent repositories (0), unsafe repositories (0)
2024-12-28 10:45:10.618 [info] > git for-each-ref --format=%(refname)%00%(upstream:short)%00%(objectname)%00%(upstream:track)%00%(upstream:remotename)%00%(upstream:remoteref) refs/heads/main refs/remotes/main [8ms]
2024-12-28 10:45:10.619 [info] > git for-each-ref --sort -committerdate --format %(refname) %(objectname) %(*objectname) [12ms]
2024-12-28 10:45:10.630 [warning] [Git][revParse] Unable to read file: ENOENT: no such file or directory, open '/home/taciturn/Desktop/WeCode2Gether/css-exercises/.git/refs/remotes/origin/main'
2024-12-28 10:45:10.633 [info] > git for-each-ref --format=%(refname)%00%(upstream:short)%00%(objectname)%00%(upstream:track)%00%(upstream:remotename)%00%(upstream:remoteref) refs/heads/main refs/remotes/main [8ms]
2024-12-28 10:45:10.637 [info] > git config --get commit.template [18ms]
2024-12-28 10:45:10.639 [info] > git config --local branch.main.vscode-merge-base [3ms]
2024-12-28 10:45:10.643 [info] > git config --get commit.template [10ms]
2024-12-28 10:45:10.643 [info] > git rev-parse refs/remotes/origin/main [13ms]
2024-12-28 10:45:10.652 [info] > git status -z -uall [6ms]
2024-12-28 10:45:10.652 [info] > git for-each-ref --format=%(refname)%00%(upstream:short)%00%(objectname)%00%(upstream:track)%00%(upstream:remotename)%00%(upstream:remoteref) refs/heads/origin/main refs/remotes/origin/main [10ms]
2024-12-28 10:45:10.694 [info] > git merge-base refs/heads/main refs/remotes/origin/main [39ms]
2024-12-28 10:45:10.696 [info] > git for-each-ref --format=%(refname)%00%(upstream:short)%00%(objectname)%00%(upstream:track)%00%(upstream:remotename)%00%(upstream:remoteref) refs/heads/main refs/remotes/main [45ms]
2024-12-28 10:45:10.696 [info] > git for-each-ref --sort -committerdate --format %(refname) %(objectname) %(*objectname) [47ms]
2024-12-28 10:45:10.707 [info] > git for-each-ref --format=%(refname)%00%(upstream:short)%00%(objectname)%00%(upstream:track)%00%(upstream:remotename)%00%(upstream:remoteref) refs/heads/main refs/remotes/main [6ms]
2024-12-28 10:45:10.710 [info] > git diff --name-status -z --diff-filter=ADMR 19658c233a62b951f50ce64e05a28aba0b205f44...refs/remotes/origin/main [14ms]
2024-12-28 10:45:10.711 [info] > git for-each-ref --format=%(refname)%00%(upstream:short)%00%(objectname)%00%(upstream:track)%00%(upstream:remotename)%00%(upstream:remoteref) refs/heads/main refs/remotes/main [18ms]
2024-12-28 10:45:10.714 [warning] [Git][revParse] Unable to read file: ENOENT: no such file or directory, open '/home/taciturn/Desktop/WeCode2Gether/Odin-recipes/.git/refs/remotes/origin/main'
2024-12-28 10:45:10.714 [info] > git config --local branch.main.vscode-merge-base [4ms]
2024-12-28 10:45:10.717 [info] > git config --get commit.template [10ms]
2024-12-28 10:45:10.718 [info] > git for-each-ref --format=%(refname)%00%(upstream:short)%00%(objectname)%00%(upstream:track)%00%(upstream:remotename)%00%(upstream:remoteref) refs/heads/origin/main refs/remotes/origin/main [1ms]
2024-12-28 10:45:10.721 [info] > git rev-parse refs/remotes/origin/main [7ms]
2024-12-28 10:45:10.735 [info] > git status -z -uall [12ms]
2024-12-28 10:45:10.735 [info] > git status -z -uall [6ms]
2024-12-28 10:45:10.736 [info] > git merge-base refs/heads/main refs/remotes/origin/main [14ms]
2024-12-28 10:45:10.740 [info] > git for-each-ref --format=%(refname)%00%(upstream:short)%00%(objectname)%00%(upstream:track)%00%(upstream:remotename)%00%(upstream:remoteref) refs/heads/main refs/remotes/main [5ms]
2024-12-28 10:45:10.740 [info] > git for-each-ref --sort -committerdate --format %(refname) %(objectname) %(*objectname) [8ms]
2024-12-28 10:45:10.746 [info] > git for-each-ref --sort -committerdate --format %(refname) %(objectname) %(*objectname) [20ms]
2024-12-28 10:45:10.751 [warning] [Git][revParse] Unable to read file: ENOENT: no such file or directory, open '/home/taciturn/Desktop/WeCode2Gether/css-exercises/.git/refs/remotes/origin/main'
2024-12-28 10:45:10.754 [info] > git for-each-ref --format=%(refname)%00%(upstream:short)%00%(objectname)%00%(upstream:track)%00%(upstream:remotename)%00%(upstream:remoteref) refs/heads/main refs/remotes/main [9ms]
2024-12-28 10:45:10.757 [info] > git diff --name-status -z --diff-filter=ADMR efcc840d20e6d39d81dbcda45bb0581aeee20c9e...refs/remotes/origin/main [19ms]
2024-12-28 10:45:10.758 [info] > git config --local branch.main.vscode-merge-base [1ms]
2024-12-28 10:45:10.761 [info] > git config --get commit.template [8ms]
2024-12-28 10:45:10.761 [info] > git rev-parse refs/remotes/origin/main [10ms]
2024-12-28 10:45:10.766 [info] > git status -z -uall [3ms]
2024-12-28 10:45:10.766 [info] > git for-each-ref --format=%(refname)%00%(upstream:short)%00%(objectname)%00%(upstream:track)%00%(upstream:remotename)%00%(upstream:remoteref) refs/heads/origin/main refs/remotes/origin/main [5ms]
2024-12-28 10:45:10.771 [info] > git for-each-ref --sort -committerdate --format %(refname) %(objectname) %(*objectname) [6ms]
2024-12-28 10:45:10.775 [info] > git for-each-ref --format=%(refname)%00%(upstream:short)%00%(objectname)%00%(upstream:track)%00%(upstream:remotename)%00%(upstream:remoteref) refs/heads/main refs/remotes/main [4ms]
2024-12-28 10:45:10.775 [info] > git merge-base refs/heads/main refs/remotes/origin/main [7ms]
2024-12-28 10:45:10.779 [info] > git diff --name-status -z --diff-filter=ADMR 1a025f754d7ab77ee44bd8a389cf4e269e7350d2...refs/remotes/origin/main [1ms]
2024-12-28 10:45:10.784 [info] > git status -z -uall [3ms]
2024-12-28 10:45:10.784 [info] > git for-each-ref --sort -committerdate --format %(refname) %(objectname) %(*objectname) [0ms]
2024-12-28 10:45:11.145 [info] > git check-ignore -v -z --stdin [5ms]
2024-12-28 10:45:11.146 [info] > git check-ignore -v -z --stdin [3ms]
2024-12-28 10:45:11.146 [info] > git check-ignore -v -z --stdin [1ms]
2024-12-28 10:45:12.249 [info] > git rev-parse --show-toplevel [1ms]
2024-12-28 10:45:12.249 [info] fatal: not a git repository (or any of the parent directories): .git
